

Microchip MPLAB XC8 Assembler V2.31 build 20201012212115 
                                                                                               Sat Mar 06 23:15:37 2021

Microchip MPLAB XC8 C Compiler v2.31 (Free license) build 20201012212115 Og1 
     1                           	processor	16F887
     2                           	pagewidth 120
     3                           	opt	flic
     4                           	psect	cinit,global,class=CODE,merge=1,delta=2
     5                           	psect	cstackCOMMON,global,class=COMMON,space=1,delta=1,noexec
     6                           	psect	cstackBANK0,global,class=BANK0,space=1,delta=1,noexec
     7                           	psect	maintext,global,class=CODE,split=1,delta=2
     8                           	psect	text1,local,class=CODE,merge=1,delta=2
     9                           	psect	text2,local,class=CODE,merge=1,delta=2
    10                           	psect	text3,local,class=CODE,merge=1,delta=2
    11                           	psect	text4,local,class=CODE,merge=1,delta=2
    12                           	psect	text5,local,class=CODE,merge=1,delta=2
    13                           	psect	text6,local,class=CODE,merge=1,delta=2
    14                           	psect	text7,local,class=CODE,merge=1,delta=2,group=1
    15                           	psect	config,global,abs,ovrld,class=CONFIG,space=4,delta=2,noexec
    16                           	dabs	1,0x7E,2
    17  0000                     
    18                           ; Version 2.20
    19                           ; Generated 12/02/2020 GMT
    20                           ; 
    21                           ; Copyright © 2020, Microchip Technology Inc. and its subsidiaries ("Microchip")
    22                           ; All rights reserved.
    23                           ; 
    24                           ; This software is developed by Microchip Technology Inc. and its subsidiaries ("Microch
      +                          ip").
    25                           ; 
    26                           ; Redistribution and use in source and binary forms, with or without modification, are
    27                           ; permitted provided that the following conditions are met:
    28                           ; 
    29                           ;     1. Redistributions of source code must retain the above copyright notice, this lis
      +                          t of
    30                           ;        conditions and the following disclaimer.
    31                           ; 
    32                           ;     2. Redistributions in binary form must reproduce the above copyright notice, this 
      +                          list
    33                           ;        of conditions and the following disclaimer in the documentation and/or other
    34                           ;        materials provided with the distribution.
    35                           ; 
    36                           ;     3. Microchip's name may not be used to endorse or promote products derived from th
      +                          is
    37                           ;        software without specific prior written permission.
    38                           ; 
    39                           ; THIS SOFTWARE IS PROVIDED BY MICROCHIP "AS IS" AND ANY EXPRESS OR IMPLIED WARRANTIES,
    40                           ; INCLUDING, BUT NOT LIMITED TO, THE IMPLIED WARRANTIES OF MERCHANTABILITY AND FITNESS F
      +                          OR
    41                           ; PURPOSE ARE DISCLAIMED.  IN NO EVENT SHALL MICROCHIP BE LIABLE FOR ANY DIRECT, INDIREC
      +                          T,
    42                           ; INCIDENTAL, SPECIAL, EXEMPLARY, OR CONSEQUENTIAL DAMAGES (INCLUDING BUT NOT LIMITED TO
    43                           ; PROCUREMENT OF SUBSTITUTE GOODS OR SERVICES; LOSS OF USE, DATA OR PROFITS; OR BUSINESS
    44                           ; INTERRUPTION) HOWSOEVER CAUSED AND ON ANY THEORY OF LIABILITY, WHETHER IN CONTRACT, ST
      +                          RICT
    45                           ; LIABILITY, OR TORT (INCLUDING NEGLIGENCE OR OTHERWISE) ARISING IN ANY WAY OUT OF THE U
      +                          SE OF
    46                           ; THIS SOFTWARE, EVEN IF ADVISED OF THE POSSIBILITY OF SUCH DAMAGE.
    47                           ; 
    48                           ; 
    49                           ; Code-generator required, PIC16F887 Definitions
    50                           ; 
    51                           ; SFR Addresses
    52  0000                     	;# 
    53  0001                     	;# 
    54  0002                     	;# 
    55  0003                     	;# 
    56  0004                     	;# 
    57  0005                     	;# 
    58  0006                     	;# 
    59  0007                     	;# 
    60  0008                     	;# 
    61  0009                     	;# 
    62  000A                     	;# 
    63  000B                     	;# 
    64  000C                     	;# 
    65  000D                     	;# 
    66  000E                     	;# 
    67  000E                     	;# 
    68  000F                     	;# 
    69  0010                     	;# 
    70  0011                     	;# 
    71  0012                     	;# 
    72  0013                     	;# 
    73  0014                     	;# 
    74  0015                     	;# 
    75  0015                     	;# 
    76  0016                     	;# 
    77  0017                     	;# 
    78  0018                     	;# 
    79  0019                     	;# 
    80  001A                     	;# 
    81  001B                     	;# 
    82  001B                     	;# 
    83  001C                     	;# 
    84  001D                     	;# 
    85  001E                     	;# 
    86  001F                     	;# 
    87  0081                     	;# 
    88  0085                     	;# 
    89  0086                     	;# 
    90  0087                     	;# 
    91  0088                     	;# 
    92  0089                     	;# 
    93  008C                     	;# 
    94  008D                     	;# 
    95  008E                     	;# 
    96  008F                     	;# 
    97  0090                     	;# 
    98  0091                     	;# 
    99  0092                     	;# 
   100  0093                     	;# 
   101  0093                     	;# 
   102  0093                     	;# 
   103  0094                     	;# 
   104  0095                     	;# 
   105  0096                     	;# 
   106  0097                     	;# 
   107  0098                     	;# 
   108  0099                     	;# 
   109  009A                     	;# 
   110  009B                     	;# 
   111  009C                     	;# 
   112  009D                     	;# 
   113  009E                     	;# 
   114  009F                     	;# 
   115  0105                     	;# 
   116  0107                     	;# 
   117  0108                     	;# 
   118  0109                     	;# 
   119  010C                     	;# 
   120  010C                     	;# 
   121  010D                     	;# 
   122  010E                     	;# 
   123  010F                     	;# 
   124  0185                     	;# 
   125  0187                     	;# 
   126  0188                     	;# 
   127  0189                     	;# 
   128  018C                     	;# 
   129  018D                     	;# 
   130  0000                     	;# 
   131  0001                     	;# 
   132  0002                     	;# 
   133  0003                     	;# 
   134  0004                     	;# 
   135  0005                     	;# 
   136  0006                     	;# 
   137  0007                     	;# 
   138  0008                     	;# 
   139  0009                     	;# 
   140  000A                     	;# 
   141  000B                     	;# 
   142  000C                     	;# 
   143  000D                     	;# 
   144  000E                     	;# 
   145  000E                     	;# 
   146  000F                     	;# 
   147  0010                     	;# 
   148  0011                     	;# 
   149  0012                     	;# 
   150  0013                     	;# 
   151  0014                     	;# 
   152  0015                     	;# 
   153  0015                     	;# 
   154  0016                     	;# 
   155  0017                     	;# 
   156  0018                     	;# 
   157  0019                     	;# 
   158  001A                     	;# 
   159  001B                     	;# 
   160  001B                     	;# 
   161  001C                     	;# 
   162  001D                     	;# 
   163  001E                     	;# 
   164  001F                     	;# 
   165  0081                     	;# 
   166  0085                     	;# 
   167  0086                     	;# 
   168  0087                     	;# 
   169  0088                     	;# 
   170  0089                     	;# 
   171  008C                     	;# 
   172  008D                     	;# 
   173  008E                     	;# 
   174  008F                     	;# 
   175  0090                     	;# 
   176  0091                     	;# 
   177  0092                     	;# 
   178  0093                     	;# 
   179  0093                     	;# 
   180  0093                     	;# 
   181  0094                     	;# 
   182  0095                     	;# 
   183  0096                     	;# 
   184  0097                     	;# 
   185  0098                     	;# 
   186  0099                     	;# 
   187  009A                     	;# 
   188  009B                     	;# 
   189  009C                     	;# 
   190  009D                     	;# 
   191  009E                     	;# 
   192  009F                     	;# 
   193  0105                     	;# 
   194  0107                     	;# 
   195  0108                     	;# 
   196  0109                     	;# 
   197  010C                     	;# 
   198  010C                     	;# 
   199  010D                     	;# 
   200  010E                     	;# 
   201  010F                     	;# 
   202  0185                     	;# 
   203  0187                     	;# 
   204  0188                     	;# 
   205  0189                     	;# 
   206  018C                     	;# 
   207  018D                     	;# 
   208  0006                     _PORTB	set	6
   209  0008                     _PORTD	set	8
   210  0013                     _SSPBUF	set	19
   211  0014                     _SSPCON	set	20
   212  0019                     _TXREG	set	25
   213  001A                     _RCREG	set	26
   214  0065                     _RCIF	set	101
   215  00C4                     _CREN	set	196
   216  00C7                     _SPEN	set	199
   217  0088                     _TRISD	set	136
   218  0086                     _TRISB	set	134
   219  0094                     _SSPSTAT	set	148
   220  0093                     _SSPADD	set	147
   221  0091                     _SSPCON2	set	145
   222  0099                     _SPBRG	set	153
   223  040F                     _nRBPU	set	1039
   224  048C                     _ACKEN	set	1164
   225  048D                     _ACKDT	set	1165
   226  048B                     _RCEN	set	1163
   227  048A                     _PEN	set	1162
   228  0489                     _RSEN	set	1161
   229  0488                     _SEN	set	1160
   230  043C                     _TRISC4	set	1084
   231  043B                     _TRISC3	set	1083
   232  04C1                     _TRMT	set	1217
   233  04C5                     _TXEN	set	1221
   234  043E                     _TRISC6	set	1086
   235  043F                     _TRISC7	set	1087
   236  04C4                     _SYNC	set	1220
   237  04C2                     _BRGH	set	1218
   238                           
   239                           	psect	cinit
   240  07FC                     start_initialization:	
   241                           ; #config settings
   242                           
   243  07FC                     __initialization:
   244  07FC                     end_of_initialization:	
   245                           ;End of C runtime variable initialization code
   246                           
   247  07FC                     __end_of__initialization:
   248  07FC  0183               	clrf	3
   249  07FD  120A  118A  2F84   	ljmp	_main	;jump to C main() function
   250                           
   251                           	psect	cstackCOMMON
   252  0070                     __pcstackCOMMON:
   253  0070                     ?_I2C_Master_Wait:
   254  0070                     ??_I2C_Master_Wait:	
   255                           ; 1 bytes @ 0x0
   256                           
   257  0070                     ?_I2C_Master_Start:	
   258                           ; 1 bytes @ 0x0
   259                           
   260  0070                     ??_I2C_Master_Start:	
   261                           ; 1 bytes @ 0x0
   262                           
   263  0070                     ?_I2C_Master_Stop:	
   264                           ; 1 bytes @ 0x0
   265                           
   266  0070                     ??_I2C_Master_Stop:	
   267                           ; 1 bytes @ 0x0
   268                           
   269  0070                     ?_I2C_Master_Write:	
   270                           ; 1 bytes @ 0x0
   271                           
   272  0070                     ?_main:	
   273                           ; 1 bytes @ 0x0
   274                           
   275  0070                     ?_I2C_Master_Read:	
   276                           ; 1 bytes @ 0x0
   277                           
   278  0070                     ?___lldiv:	
   279                           ; 2 bytes @ 0x0
   280                           
   281  0070                     I2C_Master_Write@d:	
   282                           ; 4 bytes @ 0x0
   283                           
   284  0070                     I2C_Master_Read@a:	
   285                           ; 2 bytes @ 0x0
   286                           
   287  0070                     ___lldiv@divisor:	
   288                           ; 2 bytes @ 0x0
   289                           
   290                           
   291                           ; 4 bytes @ 0x0
   292  0070                     	ds	2
   293  0072                     ??_I2C_Master_Write:
   294  0072                     ??_I2C_Master_Read:	
   295                           ; 1 bytes @ 0x2
   296                           
   297                           
   298                           ; 1 bytes @ 0x2
   299  0072                     	ds	2
   300  0074                     I2C_Master_Read@temp:
   301  0074                     ___lldiv@dividend:	
   302                           ; 2 bytes @ 0x4
   303                           
   304                           
   305                           ; 4 bytes @ 0x4
   306  0074                     	ds	4
   307  0078                     ??___lldiv:
   308                           
   309                           ; 1 bytes @ 0x8
   310  0078                     	ds	1
   311  0079                     ___lldiv@quotient:
   312                           
   313                           ; 4 bytes @ 0x9
   314  0079                     	ds	4
   315  007D                     ___lldiv@counter:
   316                           
   317                           ; 1 bytes @ 0xD
   318  007D                     	ds	1
   319                           
   320                           	psect	cstackBANK0
   321  0020                     __pcstackBANK0:
   322  0020                     ?_I2C_Master_Init:
   323  0020                     I2C_Master_Init@c:	
   324                           ; 1 bytes @ 0x0
   325                           
   326                           
   327                           ; 4 bytes @ 0x0
   328  0020                     	ds	4
   329  0024                     ??_I2C_Master_Init:
   330                           
   331                           ; 1 bytes @ 0x4
   332  0024                     	ds	4
   333  0028                     ??_main:
   334                           
   335                           ; 1 bytes @ 0x8
   336  0028                     	ds	3
   337                           
   338                           	psect	maintext
   339  0784                     __pmaintext:	
   340 ;;
   341 ;;Main: autosize = 0, tempsize = 3, incstack = 0, save=0
   342 ;;
   343 ;; *************** function _main *****************
   344 ;; Defined at:
   345 ;;		line 28 in file "newmain.c"
   346 ;; Parameters:    Size  Location     Type
   347 ;;		None
   348 ;; Auto vars:     Size  Location     Type
   349 ;;		None
   350 ;; Return value:  Size  Location     Type
   351 ;;                  1    wreg      void 
   352 ;; Registers used:
   353 ;;		wreg, status,2, status,0, pclath, cstack
   354 ;; Tracked objects:
   355 ;;		On entry : B00/0
   356 ;;		On exit  : 0/0
   357 ;;		Unchanged: 0/0
   358 ;; Data sizes:     COMMON   BANK0   BANK1   BANK3   BANK2
   359 ;;      Params:         0       0       0       0       0
   360 ;;      Locals:         0       0       0       0       0
   361 ;;      Temps:          0       3       0       0       0
   362 ;;      Totals:         0       3       0       0       0
   363 ;;Total ram usage:        3 bytes
   364 ;; Hardware stack levels required when called:    2
   365 ;; This function calls:
   366 ;;		_I2C_Master_Init
   367 ;;		_I2C_Master_Read
   368 ;;		_I2C_Master_Start
   369 ;;		_I2C_Master_Stop
   370 ;;		_I2C_Master_Write
   371 ;; This function is called by:
   372 ;;		Startup code after reset
   373 ;; This function uses a non-reentrant model
   374 ;;
   375                           
   376                           
   377                           ;psect for function _main
   378  0784                     _main:
   379  0784                     l927:	
   380                           ;incstack = 0
   381                           ; Regs used in _main: [wreg+status,2+status,0+pclath+cstack]
   382                           
   383                           
   384                           ;newmain.c: 29:     nRBPU = 0;
   385  0784  1683               	bsf	3,5	;RP0=1, select bank1
   386  0785  1303               	bcf	3,6	;RP1=0, select bank1
   387  0786  1381               	bcf	1,7	;volatile
   388  0787                     l929:
   389                           
   390                           ;newmain.c: 30:     TRISB = 0xFF;
   391  0787  30FF               	movlw	255
   392  0788  0086               	movwf	6	;volatile
   393  0789                     l931:
   394                           
   395                           ;newmain.c: 31:     TRISD = 0x00;
   396  0789  0188               	clrf	8	;volatile
   397  078A                     l933:
   398                           
   399                           ;newmain.c: 32:     PORTD = 0x00;
   400  078A  1283               	bcf	3,5	;RP0=0, select bank0
   401  078B  1303               	bcf	3,6	;RP1=0, select bank0
   402  078C  0188               	clrf	8	;volatile
   403  078D                     l935:
   404                           
   405                           ;newmain.c: 33:     I2C_Master_Init(100000);
   406  078D  3000               	movlw	0
   407  078E  00A3               	movwf	I2C_Master_Init@c+3
   408  078F  3001               	movlw	1
   409  0790  00A2               	movwf	I2C_Master_Init@c+2
   410  0791  3086               	movlw	134
   411  0792  00A1               	movwf	I2C_Master_Init@c+1
   412  0793  30A0               	movlw	160
   413  0794  00A0               	movwf	I2C_Master_Init@c
   414  0795  120A  118A  26E6  120A  118A  	fcall	_I2C_Master_Init
   415  079A                     l937:
   416                           
   417                           ;newmain.c: 35:     {;newmain.c: 36:         I2C_Master_Start();
   418  079A  120A  118A  2690  120A  118A  	fcall	_I2C_Master_Start
   419  079F                     l939:
   420                           
   421                           ;newmain.c: 37:         I2C_Master_Write(0x28);
   422  079F  3028               	movlw	40
   423  07A0  00F0               	movwf	I2C_Master_Write@d
   424  07A1  3000               	movlw	0
   425  07A2  00F1               	movwf	I2C_Master_Write@d+1
   426  07A3  120A  118A  26A2  120A  118A  	fcall	_I2C_Master_Write
   427  07A8                     l941:
   428                           
   429                           ;newmain.c: 38:         I2C_Master_Write(PORTB);
   430  07A8  1283               	bcf	3,5	;RP0=0, select bank0
   431  07A9  1303               	bcf	3,6	;RP1=0, select bank0
   432  07AA  0806               	movf	6,w	;volatile
   433  07AB  00A8               	movwf	??_main
   434  07AC  01A9               	clrf	??_main+1
   435  07AD  0828               	movf	??_main,w
   436  07AE  00F0               	movwf	I2C_Master_Write@d
   437  07AF  0829               	movf	??_main+1,w
   438  07B0  00F1               	movwf	I2C_Master_Write@d+1
   439  07B1  120A  118A  26A2  120A  118A  	fcall	_I2C_Master_Write
   440  07B6                     l943:
   441                           
   442                           ;newmain.c: 39:         I2C_Master_Stop();
   443  07B6  120A  118A  2699  120A  118A  	fcall	_I2C_Master_Stop
   444  07BB                     l945:
   445                           
   446                           ;newmain.c: 40:         _delay((unsigned long)((200)*(8000000/4000.0)));
   447  07BB  3003               	movlw	3
   448  07BC  1283               	bcf	3,5	;RP0=0, select bank0
   449  07BD  1303               	bcf	3,6	;RP1=0, select bank0
   450  07BE  00AA               	movwf	??_main+2
   451  07BF  3008               	movlw	8
   452  07C0  00A9               	movwf	??_main+1
   453  07C1  3076               	movlw	118
   454  07C2  00A8               	movwf	??_main
   455  07C3                     u357:
   456  07C3  0BA8               	decfsz	??_main,f
   457  07C4  2FC3               	goto	u357
   458  07C5  0BA9               	decfsz	??_main+1,f
   459  07C6  2FC3               	goto	u357
   460  07C7  0BAA               	decfsz	??_main+2,f
   461  07C8  2FC3               	goto	u357
   462  07C9  0000               	nop
   463                           
   464                           ;newmain.c: 41:         I2C_Master_Start();
   465  07CA  120A  118A  2690  120A  118A  	fcall	_I2C_Master_Start
   466                           
   467                           ;newmain.c: 42:         I2C_Master_Write(0x31);
   468  07CF  3031               	movlw	49
   469  07D0  00F0               	movwf	I2C_Master_Write@d
   470  07D1  3000               	movlw	0
   471  07D2  00F1               	movwf	I2C_Master_Write@d+1
   472  07D3  120A  118A  26A2  120A  118A  	fcall	_I2C_Master_Write
   473                           
   474                           ;newmain.c: 43:         PORTD = I2C_Master_Read(0);
   475  07D8  3000               	movlw	0
   476  07D9  00F0               	movwf	I2C_Master_Read@a
   477  07DA  00F1               	movwf	I2C_Master_Read@a+1
   478  07DB  120A  118A  26B9  120A  118A  	fcall	_I2C_Master_Read
   479  07E0  0870               	movf	?_I2C_Master_Read,w
   480  07E1  1283               	bcf	3,5	;RP0=0, select bank0
   481  07E2  1303               	bcf	3,6	;RP1=0, select bank0
   482  07E3  0088               	movwf	8	;volatile
   483                           
   484                           ;newmain.c: 44:         I2C_Master_Stop();
   485  07E4  120A  118A  2699  120A  118A  	fcall	_I2C_Master_Stop
   486  07E9                     l947:
   487                           
   488                           ;newmain.c: 45:         _delay((unsigned long)((200)*(8000000/4000.0)));
   489  07E9  3003               	movlw	3
   490  07EA  1283               	bcf	3,5	;RP0=0, select bank0
   491  07EB  1303               	bcf	3,6	;RP1=0, select bank0
   492  07EC  00AA               	movwf	??_main+2
   493  07ED  3008               	movlw	8
   494  07EE  00A9               	movwf	??_main+1
   495  07EF  3076               	movlw	118
   496  07F0  00A8               	movwf	??_main
   497  07F1                     u367:
   498  07F1  0BA8               	decfsz	??_main,f
   499  07F2  2FF1               	goto	u367
   500  07F3  0BA9               	decfsz	??_main+1,f
   501  07F4  2FF1               	goto	u367
   502  07F5  0BAA               	decfsz	??_main+2,f
   503  07F6  2FF1               	goto	u367
   504  07F7  0000               	nop
   505  07F8  2F9A               	goto	l937
   506  07F9  120A  118A  2800   	ljmp	start
   507  07FC                     __end_of_main:
   508                           
   509                           	psect	text1
   510  06A2                     __ptext1:	
   511 ;; *************** function _I2C_Master_Write *****************
   512 ;; Defined at:
   513 ;;		line 36 in file "./I2Clib.h"
   514 ;; Parameters:    Size  Location     Type
   515 ;;  d               2    0[COMMON] unsigned int 
   516 ;; Auto vars:     Size  Location     Type
   517 ;;		None
   518 ;; Return value:  Size  Location     Type
   519 ;;                  1    wreg      void 
   520 ;; Registers used:
   521 ;;		wreg, status,2, status,0, pclath, cstack
   522 ;; Tracked objects:
   523 ;;		On entry : 0/0
   524 ;;		On exit  : 0/0
   525 ;;		Unchanged: 0/0
   526 ;; Data sizes:     COMMON   BANK0   BANK1   BANK3   BANK2
   527 ;;      Params:         2       0       0       0       0
   528 ;;      Locals:         0       0       0       0       0
   529 ;;      Temps:          0       0       0       0       0
   530 ;;      Totals:         2       0       0       0       0
   531 ;;Total ram usage:        2 bytes
   532 ;; Hardware stack levels used:    1
   533 ;; Hardware stack levels required when called:    1
   534 ;; This function calls:
   535 ;;		_I2C_Master_Wait
   536 ;; This function is called by:
   537 ;;		_main
   538 ;; This function uses a non-reentrant model
   539 ;;
   540                           
   541                           
   542                           ;psect for function _I2C_Master_Write
   543  06A2                     _I2C_Master_Write:
   544  06A2                     l907:	
   545                           ;incstack = 0
   546                           ; Regs used in _I2C_Master_Write: [wreg+status,2+status,0+pclath+cstack]
   547                           
   548                           
   549                           ;./I2Clib.h: 36: void I2C_Master_Write(unsigned d);./I2Clib.h: 37: {;./I2Clib.h: 38:    
      +                           I2C_Master_Wait();
   550  06A2  120A  118A  26AC  120A  118A  	fcall	_I2C_Master_Wait
   551  06A7                     l909:
   552                           
   553                           ;./I2Clib.h: 39:     SSPBUF = d;
   554  06A7  0870               	movf	I2C_Master_Write@d,w
   555  06A8  1283               	bcf	3,5	;RP0=0, select bank0
   556  06A9  1303               	bcf	3,6	;RP1=0, select bank0
   557  06AA  0093               	movwf	19	;volatile
   558  06AB                     l118:
   559  06AB  0008               	return
   560  06AC                     __end_of_I2C_Master_Write:
   561                           
   562                           	psect	text2
   563  0699                     __ptext2:	
   564 ;; *************** function _I2C_Master_Stop *****************
   565 ;; Defined at:
   566 ;;		line 30 in file "./I2Clib.h"
   567 ;; Parameters:    Size  Location     Type
   568 ;;		None
   569 ;; Auto vars:     Size  Location     Type
   570 ;;		None
   571 ;; Return value:  Size  Location     Type
   572 ;;                  1    wreg      void 
   573 ;; Registers used:
   574 ;;		wreg, status,2, status,0, pclath, cstack
   575 ;; Tracked objects:
   576 ;;		On entry : 0/0
   577 ;;		On exit  : 0/0
   578 ;;		Unchanged: 0/0
   579 ;; Data sizes:     COMMON   BANK0   BANK1   BANK3   BANK2
   580 ;;      Params:         0       0       0       0       0
   581 ;;      Locals:         0       0       0       0       0
   582 ;;      Temps:          0       0       0       0       0
   583 ;;      Totals:         0       0       0       0       0
   584 ;;Total ram usage:        0 bytes
   585 ;; Hardware stack levels used:    1
   586 ;; Hardware stack levels required when called:    1
   587 ;; This function calls:
   588 ;;		_I2C_Master_Wait
   589 ;; This function is called by:
   590 ;;		_main
   591 ;; This function uses a non-reentrant model
   592 ;;
   593                           
   594                           
   595                           ;psect for function _I2C_Master_Stop
   596  0699                     _I2C_Master_Stop:
   597  0699                     l775:	
   598                           ;incstack = 0
   599                           ; Regs used in _I2C_Master_Stop: [wreg+status,2+status,0+pclath+cstack]
   600                           
   601                           
   602                           ;./I2Clib.h: 32:     I2C_Master_Wait();
   603  0699  120A  118A  26AC  120A  118A  	fcall	_I2C_Master_Wait
   604  069E                     l777:
   605                           
   606                           ;./I2Clib.h: 33:     PEN = 1;
   607  069E  1683               	bsf	3,5	;RP0=1, select bank1
   608  069F  1303               	bcf	3,6	;RP1=0, select bank1
   609  06A0  1511               	bsf	17,2	;volatile
   610  06A1                     l115:
   611  06A1  0008               	return
   612  06A2                     __end_of_I2C_Master_Stop:
   613                           
   614                           	psect	text3
   615  0690                     __ptext3:	
   616 ;; *************** function _I2C_Master_Start *****************
   617 ;; Defined at:
   618 ;;		line 18 in file "./I2Clib.h"
   619 ;; Parameters:    Size  Location     Type
   620 ;;		None
   621 ;; Auto vars:     Size  Location     Type
   622 ;;		None
   623 ;; Return value:  Size  Location     Type
   624 ;;                  1    wreg      void 
   625 ;; Registers used:
   626 ;;		wreg, status,2, status,0, pclath, cstack
   627 ;; Tracked objects:
   628 ;;		On entry : 0/0
   629 ;;		On exit  : 0/0
   630 ;;		Unchanged: 0/0
   631 ;; Data sizes:     COMMON   BANK0   BANK1   BANK3   BANK2
   632 ;;      Params:         0       0       0       0       0
   633 ;;      Locals:         0       0       0       0       0
   634 ;;      Temps:          0       0       0       0       0
   635 ;;      Totals:         0       0       0       0       0
   636 ;;Total ram usage:        0 bytes
   637 ;; Hardware stack levels used:    1
   638 ;; Hardware stack levels required when called:    1
   639 ;; This function calls:
   640 ;;		_I2C_Master_Wait
   641 ;; This function is called by:
   642 ;;		_main
   643 ;; This function uses a non-reentrant model
   644 ;;
   645                           
   646                           
   647                           ;psect for function _I2C_Master_Start
   648  0690                     _I2C_Master_Start:
   649  0690                     l771:	
   650                           ;incstack = 0
   651                           ; Regs used in _I2C_Master_Start: [wreg+status,2+status,0+pclath+cstack]
   652                           
   653                           
   654                           ;./I2Clib.h: 20:     I2C_Master_Wait();
   655  0690  120A  118A  26AC  120A  118A  	fcall	_I2C_Master_Wait
   656  0695                     l773:
   657                           
   658                           ;./I2Clib.h: 21:     SEN = 1;
   659  0695  1683               	bsf	3,5	;RP0=1, select bank1
   660  0696  1303               	bcf	3,6	;RP1=0, select bank1
   661  0697  1411               	bsf	17,0	;volatile
   662  0698                     l109:
   663  0698  0008               	return
   664  0699                     __end_of_I2C_Master_Start:
   665                           
   666                           	psect	text4
   667  06B9                     __ptext4:	
   668 ;; *************** function _I2C_Master_Read *****************
   669 ;; Defined at:
   670 ;;		line 42 in file "./I2Clib.h"
   671 ;; Parameters:    Size  Location     Type
   672 ;;  a               2    0[COMMON] unsigned short 
   673 ;; Auto vars:     Size  Location     Type
   674 ;;  temp            2    4[COMMON] unsigned short 
   675 ;; Return value:  Size  Location     Type
   676 ;;                  2    0[COMMON] unsigned short 
   677 ;; Registers used:
   678 ;;		wreg, status,2, status,0, pclath, cstack
   679 ;; Tracked objects:
   680 ;;		On entry : 0/0
   681 ;;		On exit  : 0/0
   682 ;;		Unchanged: 0/0
   683 ;; Data sizes:     COMMON   BANK0   BANK1   BANK3   BANK2
   684 ;;      Params:         2       0       0       0       0
   685 ;;      Locals:         2       0       0       0       0
   686 ;;      Temps:          2       0       0       0       0
   687 ;;      Totals:         6       0       0       0       0
   688 ;;Total ram usage:        6 bytes
   689 ;; Hardware stack levels used:    1
   690 ;; Hardware stack levels required when called:    1
   691 ;; This function calls:
   692 ;;		_I2C_Master_Wait
   693 ;; This function is called by:
   694 ;;		_main
   695 ;; This function uses a non-reentrant model
   696 ;;
   697                           
   698                           
   699                           ;psect for function _I2C_Master_Read
   700  06B9                     _I2C_Master_Read:
   701  06B9                     l911:	
   702                           ;incstack = 0
   703                           ; Regs used in _I2C_Master_Read: [wreg+status,2+status,0+pclath+cstack]
   704                           
   705                           
   706                           ;./I2Clib.h: 42: unsigned short I2C_Master_Read(unsigned short a);./I2Clib.h: 43: {;./I2
      +                          Clib.h: 44:     unsigned short temp;;./I2Clib.h: 45:     I2C_Master_Wait();
   707  06B9  120A  118A  26AC  120A  118A  	fcall	_I2C_Master_Wait
   708  06BE                     l913:
   709                           
   710                           ;./I2Clib.h: 46:     RCEN = 1;
   711  06BE  1683               	bsf	3,5	;RP0=1, select bank1
   712  06BF  1303               	bcf	3,6	;RP1=0, select bank1
   713  06C0  1591               	bsf	17,3	;volatile
   714                           
   715                           ;./I2Clib.h: 47:     I2C_Master_Wait();
   716  06C1  120A  118A  26AC  120A  118A  	fcall	_I2C_Master_Wait
   717  06C6                     l915:
   718                           
   719                           ;./I2Clib.h: 48:     temp = SSPBUF;
   720  06C6  1283               	bcf	3,5	;RP0=0, select bank0
   721  06C7  1303               	bcf	3,6	;RP1=0, select bank0
   722  06C8  0813               	movf	19,w	;volatile
   723  06C9  00F2               	movwf	??_I2C_Master_Read
   724  06CA  01F3               	clrf	??_I2C_Master_Read+1
   725  06CB  0872               	movf	??_I2C_Master_Read,w
   726  06CC  00F4               	movwf	I2C_Master_Read@temp
   727  06CD  0873               	movf	??_I2C_Master_Read+1,w
   728  06CE  00F5               	movwf	I2C_Master_Read@temp+1
   729  06CF                     l917:
   730                           
   731                           ;./I2Clib.h: 49:     I2C_Master_Wait();
   732  06CF  120A  118A  26AC  120A  118A  	fcall	_I2C_Master_Wait
   733  06D4                     l919:
   734                           
   735                           ;./I2Clib.h: 50:     ACKDT = (a)?0:1;
   736  06D4  0870               	movf	I2C_Master_Read@a,w
   737  06D5  0471               	iorwf	I2C_Master_Read@a+1,w
   738  06D6  1903               	btfsc	3,2
   739  06D7  2ED9               	goto	u331
   740  06D8  2EDD               	goto	u330
   741  06D9                     u331:
   742  06D9  1683               	bsf	3,5	;RP0=1, select bank1
   743  06DA  1303               	bcf	3,6	;RP1=0, select bank1
   744  06DB  1691               	bsf	17,5	;volatile
   745  06DC  2EE0               	goto	u344
   746  06DD                     u330:
   747  06DD  1683               	bsf	3,5	;RP0=1, select bank1
   748  06DE  1303               	bcf	3,6	;RP1=0, select bank1
   749  06DF  1291               	bcf	17,5	;volatile
   750  06E0                     u344:
   751  06E0                     l921:
   752                           
   753                           ;./I2Clib.h: 51:     ACKEN = 1;
   754  06E0  1611               	bsf	17,4	;volatile
   755  06E1                     l923:
   756                           
   757                           ;./I2Clib.h: 52:     return temp;
   758  06E1  0875               	movf	I2C_Master_Read@temp+1,w
   759  06E2  00F1               	movwf	?_I2C_Master_Read+1
   760  06E3  0874               	movf	I2C_Master_Read@temp,w
   761  06E4  00F0               	movwf	?_I2C_Master_Read
   762  06E5                     l121:
   763  06E5  0008               	return
   764  06E6                     __end_of_I2C_Master_Read:
   765                           
   766                           	psect	text5
   767  06AC                     __ptext5:	
   768 ;; *************** function _I2C_Master_Wait *****************
   769 ;; Defined at:
   770 ;;		line 13 in file "./I2Clib.h"
   771 ;; Parameters:    Size  Location     Type
   772 ;;		None
   773 ;; Auto vars:     Size  Location     Type
   774 ;;		None
   775 ;; Return value:  Size  Location     Type
   776 ;;                  1    wreg      void 
   777 ;; Registers used:
   778 ;;		wreg, status,2
   779 ;; Tracked objects:
   780 ;;		On entry : 0/0
   781 ;;		On exit  : 0/0
   782 ;;		Unchanged: 0/0
   783 ;; Data sizes:     COMMON   BANK0   BANK1   BANK3   BANK2
   784 ;;      Params:         0       0       0       0       0
   785 ;;      Locals:         0       0       0       0       0
   786 ;;      Temps:          0       0       0       0       0
   787 ;;      Totals:         0       0       0       0       0
   788 ;;Total ram usage:        0 bytes
   789 ;; Hardware stack levels used:    1
   790 ;; This function calls:
   791 ;;		Nothing
   792 ;; This function is called by:
   793 ;;		_I2C_Master_Start
   794 ;;		_I2C_Master_Stop
   795 ;;		_I2C_Master_Write
   796 ;;		_I2C_Master_Read
   797 ;;		_I2C_Master_RepeatedStart
   798 ;; This function uses a non-reentrant model
   799 ;;
   800                           
   801                           
   802                           ;psect for function _I2C_Master_Wait
   803  06AC                     _I2C_Master_Wait:
   804  06AC                     l721:	
   805                           ;incstack = 0
   806                           ; Regs used in _I2C_Master_Wait: [wreg+status,2]
   807                           
   808  06AC                     l103:	
   809                           ;./I2Clib.h: 15:     while ((SSPSTAT & 0x04) || (SSPCON2 & 0x1F));
   810                           
   811  06AC  1683               	bsf	3,5	;RP0=1, select bank1
   812  06AD  1303               	bcf	3,6	;RP1=0, select bank1
   813  06AE  1914               	btfsc	20,2	;volatile
   814  06AF  2EB1               	goto	u11
   815  06B0  2EB2               	goto	u10
   816  06B1                     u11:
   817  06B1  2EAC               	goto	l103
   818  06B2                     u10:
   819  06B2                     l723:
   820  06B2  0811               	movf	17,w	;volatile
   821  06B3  391F               	andlw	31
   822  06B4  1D03               	btfss	3,2
   823  06B5  2EB7               	goto	u21
   824  06B6  2EB8               	goto	u20
   825  06B7                     u21:
   826  06B7  2EAC               	goto	l103
   827  06B8                     u20:
   828  06B8                     l106:
   829  06B8  0008               	return
   830  06B9                     __end_of_I2C_Master_Wait:
   831                           
   832                           	psect	text6
   833  06E6                     __ptext6:	
   834 ;; *************** function _I2C_Master_Init *****************
   835 ;; Defined at:
   836 ;;		line 3 in file "./I2Clib.h"
   837 ;; Parameters:    Size  Location     Type
   838 ;;  c               4    0[BANK0 ] const unsigned long 
   839 ;; Auto vars:     Size  Location     Type
   840 ;;		None
   841 ;; Return value:  Size  Location     Type
   842 ;;                  1    wreg      void 
   843 ;; Registers used:
   844 ;;		wreg, status,2, status,0, pclath, cstack
   845 ;; Tracked objects:
   846 ;;		On entry : 0/0
   847 ;;		On exit  : 0/0
   848 ;;		Unchanged: 0/0
   849 ;; Data sizes:     COMMON   BANK0   BANK1   BANK3   BANK2
   850 ;;      Params:         0       4       0       0       0
   851 ;;      Locals:         0       0       0       0       0
   852 ;;      Temps:          0       4       0       0       0
   853 ;;      Totals:         0       8       0       0       0
   854 ;;Total ram usage:        8 bytes
   855 ;; Hardware stack levels used:    1
   856 ;; Hardware stack levels required when called:    1
   857 ;; This function calls:
   858 ;;		___lldiv
   859 ;; This function is called by:
   860 ;;		_main
   861 ;; This function uses a non-reentrant model
   862 ;;
   863                           
   864                           
   865                           ;psect for function _I2C_Master_Init
   866  06E6                     _I2C_Master_Init:
   867  06E6                     l895:	
   868                           ;incstack = 0
   869                           ; Regs used in _I2C_Master_Init: [wreg+status,2+status,0+pclath+cstack]
   870                           
   871                           
   872                           ;./I2Clib.h: 3: void I2C_Master_Init(const unsigned long c);./I2Clib.h: 4: {;./I2Clib.h:
      +                           5:     SSPCON = 0b00101000;
   873  06E6  3028               	movlw	40
   874  06E7  1283               	bcf	3,5	;RP0=0, select bank0
   875  06E8  1303               	bcf	3,6	;RP1=0, select bank0
   876  06E9  0094               	movwf	20	;volatile
   877  06EA                     l897:
   878                           
   879                           ;./I2Clib.h: 6:     SSPCON2 = 0;
   880  06EA  1683               	bsf	3,5	;RP0=1, select bank1
   881  06EB  1303               	bcf	3,6	;RP1=0, select bank1
   882  06EC  0191               	clrf	17	;volatile
   883  06ED                     l899:
   884                           
   885                           ;./I2Clib.h: 7:     SSPADD = (8000000/(4*c))-1;
   886  06ED  1283               	bcf	3,5	;RP0=0, select bank0
   887  06EE  1303               	bcf	3,6	;RP1=0, select bank0
   888  06EF  0820               	movf	I2C_Master_Init@c,w
   889  06F0  00A4               	movwf	??_I2C_Master_Init
   890  06F1  0821               	movf	I2C_Master_Init@c+1,w
   891  06F2  00A5               	movwf	??_I2C_Master_Init+1
   892  06F3  0822               	movf	I2C_Master_Init@c+2,w
   893  06F4  00A6               	movwf	??_I2C_Master_Init+2
   894  06F5  0823               	movf	I2C_Master_Init@c+3,w
   895  06F6  00A7               	movwf	??_I2C_Master_Init+3
   896  06F7  3002               	movlw	2
   897  06F8                     u325:
   898  06F8  1003               	clrc
   899  06F9  0DA4               	rlf	??_I2C_Master_Init,f
   900  06FA  0DA5               	rlf	??_I2C_Master_Init+1,f
   901  06FB  0DA6               	rlf	??_I2C_Master_Init+2,f
   902  06FC  0DA7               	rlf	??_I2C_Master_Init+3,f
   903  06FD                     u320:
   904  06FD  3EFF               	addlw	-1
   905  06FE  1D03               	skipz
   906  06FF  2EF8               	goto	u325
   907  0700  0827               	movf	??_I2C_Master_Init+3,w
   908  0701  00F3               	movwf	___lldiv@divisor+3
   909  0702  0826               	movf	??_I2C_Master_Init+2,w
   910  0703  00F2               	movwf	___lldiv@divisor+2
   911  0704  0825               	movf	??_I2C_Master_Init+1,w
   912  0705  00F1               	movwf	___lldiv@divisor+1
   913  0706  0824               	movf	??_I2C_Master_Init,w
   914  0707  00F0               	movwf	___lldiv@divisor
   915  0708  3000               	movlw	0
   916  0709  00F7               	movwf	___lldiv@dividend+3
   917  070A  307A               	movlw	122
   918  070B  00F6               	movwf	___lldiv@dividend+2
   919  070C  3012               	movlw	18
   920  070D  00F5               	movwf	___lldiv@dividend+1
   921  070E  3000               	movlw	0
   922  070F  00F4               	movwf	___lldiv@dividend
   923  0710  120A  118A  271E  120A  118A  	fcall	___lldiv
   924  0715  0870               	movf	?___lldiv,w
   925  0716  3EFF               	addlw	255
   926  0717  1683               	bsf	3,5	;RP0=1, select bank1
   927  0718  1303               	bcf	3,6	;RP1=0, select bank1
   928  0719  0093               	movwf	19	;volatile
   929  071A                     l901:
   930                           
   931                           ;./I2Clib.h: 8:     SSPSTAT = 0;
   932  071A  0194               	clrf	20	;volatile
   933  071B                     l903:
   934                           
   935                           ;./I2Clib.h: 9:     TRISC3 = 1;
   936  071B  1587               	bsf	7,3	;volatile
   937  071C                     l905:
   938                           
   939                           ;./I2Clib.h: 10:     TRISC4 = 1;
   940  071C  1607               	bsf	7,4	;volatile
   941  071D                     l100:
   942  071D  0008               	return
   943  071E                     __end_of_I2C_Master_Init:
   944                           
   945                           	psect	text7
   946  071E                     __ptext7:	
   947 ;; *************** function ___lldiv *****************
   948 ;; Defined at:
   949 ;;		line 5 in file "D:\Program Files\Microchip\xc8\v2.31\pic\sources\c90\common\__lldiv.c"
   950 ;; Parameters:    Size  Location     Type
   951 ;;  divisor         4    0[COMMON] unsigned long 
   952 ;;  dividend        4    4[COMMON] unsigned long 
   953 ;; Auto vars:     Size  Location     Type
   954 ;;  quotient        4    9[COMMON] unsigned long 
   955 ;;  counter         1   13[COMMON] unsigned char 
   956 ;; Return value:  Size  Location     Type
   957 ;;                  4    0[COMMON] unsigned long 
   958 ;; Registers used:
   959 ;;		wreg, status,2, status,0
   960 ;; Tracked objects:
   961 ;;		On entry : 0/0
   962 ;;		On exit  : 0/0
   963 ;;		Unchanged: 0/0
   964 ;; Data sizes:     COMMON   BANK0   BANK1   BANK3   BANK2
   965 ;;      Params:         8       0       0       0       0
   966 ;;      Locals:         5       0       0       0       0
   967 ;;      Temps:          1       0       0       0       0
   968 ;;      Totals:        14       0       0       0       0
   969 ;;Total ram usage:       14 bytes
   970 ;; Hardware stack levels used:    1
   971 ;; This function calls:
   972 ;;		Nothing
   973 ;; This function is called by:
   974 ;;		_I2C_Master_Init
   975 ;; This function uses a non-reentrant model
   976 ;;
   977                           
   978                           
   979                           ;psect for function ___lldiv
   980  071E                     ___lldiv:
   981  071E                     l871:	
   982                           ;incstack = 0
   983                           ; Regs used in ___lldiv: [wreg+status,2+status,0]
   984                           
   985  071E  3000               	movlw	0
   986  071F  00FC               	movwf	___lldiv@quotient+3
   987  0720  3000               	movlw	0
   988  0721  00FB               	movwf	___lldiv@quotient+2
   989  0722  3000               	movlw	0
   990  0723  00FA               	movwf	___lldiv@quotient+1
   991  0724  3000               	movlw	0
   992  0725  00F9               	movwf	___lldiv@quotient
   993  0726  0873               	movf	___lldiv@divisor+3,w
   994  0727  0472               	iorwf	___lldiv@divisor+2,w
   995  0728  0471               	iorwf	___lldiv@divisor+1,w
   996  0729  0470               	iorwf	___lldiv@divisor,w
   997  072A  1903               	skipnz
   998  072B  2F2D               	goto	u251
   999  072C  2F2E               	goto	u250
  1000  072D                     u251:
  1001  072D  2F7B               	goto	l891
  1002  072E                     u250:
  1003  072E                     l873:
  1004  072E  01FD               	clrf	___lldiv@counter
  1005  072F  0AFD               	incf	___lldiv@counter,f
  1006  0730  2F3E               	goto	l877
  1007  0731                     l875:
  1008  0731  3001               	movlw	1
  1009  0732  00F8               	movwf	??___lldiv
  1010  0733                     u265:
  1011  0733  1003               	clrc
  1012  0734  0DF0               	rlf	___lldiv@divisor,f
  1013  0735  0DF1               	rlf	___lldiv@divisor+1,f
  1014  0736  0DF2               	rlf	___lldiv@divisor+2,f
  1015  0737  0DF3               	rlf	___lldiv@divisor+3,f
  1016  0738  0BF8               	decfsz	??___lldiv,f
  1017  0739  2F33               	goto	u265
  1018  073A  3001               	movlw	1
  1019  073B  00F8               	movwf	??___lldiv
  1020  073C  0878               	movf	??___lldiv,w
  1021  073D  07FD               	addwf	___lldiv@counter,f
  1022  073E                     l877:
  1023  073E  1FF3               	btfss	___lldiv@divisor+3,7
  1024  073F  2F41               	goto	u271
  1025  0740  2F42               	goto	u270
  1026  0741                     u271:
  1027  0741  2F31               	goto	l875
  1028  0742                     u270:
  1029  0742                     l879:
  1030  0742  3001               	movlw	1
  1031  0743  00F8               	movwf	??___lldiv
  1032  0744                     u285:
  1033  0744  1003               	clrc
  1034  0745  0DF9               	rlf	___lldiv@quotient,f
  1035  0746  0DFA               	rlf	___lldiv@quotient+1,f
  1036  0747  0DFB               	rlf	___lldiv@quotient+2,f
  1037  0748  0DFC               	rlf	___lldiv@quotient+3,f
  1038  0749  0BF8               	decfsz	??___lldiv,f
  1039  074A  2F44               	goto	u285
  1040  074B                     l881:
  1041  074B  0873               	movf	___lldiv@divisor+3,w
  1042  074C  0277               	subwf	___lldiv@dividend+3,w
  1043  074D  1D03               	skipz
  1044  074E  2F59               	goto	u295
  1045  074F  0872               	movf	___lldiv@divisor+2,w
  1046  0750  0276               	subwf	___lldiv@dividend+2,w
  1047  0751  1D03               	skipz
  1048  0752  2F59               	goto	u295
  1049  0753  0871               	movf	___lldiv@divisor+1,w
  1050  0754  0275               	subwf	___lldiv@dividend+1,w
  1051  0755  1D03               	skipz
  1052  0756  2F59               	goto	u295
  1053  0757  0870               	movf	___lldiv@divisor,w
  1054  0758  0274               	subwf	___lldiv@dividend,w
  1055  0759                     u295:
  1056  0759  1C03               	skipc
  1057  075A  2F5C               	goto	u291
  1058  075B  2F5D               	goto	u290
  1059  075C                     u291:
  1060  075C  2F6C               	goto	l887
  1061  075D                     u290:
  1062  075D                     l883:
  1063  075D  0870               	movf	___lldiv@divisor,w
  1064  075E  02F4               	subwf	___lldiv@dividend,f
  1065  075F  0871               	movf	___lldiv@divisor+1,w
  1066  0760  1C03               	skipc
  1067  0761  0F71               	incfsz	___lldiv@divisor+1,w
  1068  0762  02F5               	subwf	___lldiv@dividend+1,f
  1069  0763  0872               	movf	___lldiv@divisor+2,w
  1070  0764  1C03               	skipc
  1071  0765  0F72               	incfsz	___lldiv@divisor+2,w
  1072  0766  02F6               	subwf	___lldiv@dividend+2,f
  1073  0767  0873               	movf	___lldiv@divisor+3,w
  1074  0768  1C03               	skipc
  1075  0769  0F73               	incfsz	___lldiv@divisor+3,w
  1076  076A  02F7               	subwf	___lldiv@dividend+3,f
  1077  076B                     l885:
  1078  076B  1479               	bsf	___lldiv@quotient,0
  1079  076C                     l887:
  1080  076C  3001               	movlw	1
  1081  076D                     u305:
  1082  076D  1003               	clrc
  1083  076E  0CF3               	rrf	___lldiv@divisor+3,f
  1084  076F  0CF2               	rrf	___lldiv@divisor+2,f
  1085  0770  0CF1               	rrf	___lldiv@divisor+1,f
  1086  0771  0CF0               	rrf	___lldiv@divisor,f
  1087  0772  3EFF               	addlw	-1
  1088  0773  1D03               	skipz
  1089  0774  2F6D               	goto	u305
  1090  0775                     l889:
  1091  0775  3001               	movlw	1
  1092  0776  02FD               	subwf	___lldiv@counter,f
  1093  0777  1D03               	btfss	3,2
  1094  0778  2F7A               	goto	u311
  1095  0779  2F7B               	goto	u310
  1096  077A                     u311:
  1097  077A  2F42               	goto	l879
  1098  077B                     u310:
  1099  077B                     l891:
  1100  077B  087C               	movf	___lldiv@quotient+3,w
  1101  077C  00F3               	movwf	?___lldiv+3
  1102  077D  087B               	movf	___lldiv@quotient+2,w
  1103  077E  00F2               	movwf	?___lldiv+2
  1104  077F  087A               	movf	___lldiv@quotient+1,w
  1105  0780  00F1               	movwf	?___lldiv+1
  1106  0781  0879               	movf	___lldiv@quotient,w
  1107  0782  00F0               	movwf	?___lldiv
  1108  0783                     l251:
  1109  0783  0008               	return
  1110  0784                     __end_of___lldiv:
  1111  007E                     btemp	set	126	;btemp
  1112  007E                     wtemp0	set	126
  1113                           
  1114                           	psect	config
  1115                           
  1116                           ;Config register CONFIG1 @ 0x2007
  1117                           ;	Oscillator Selection bits
  1118                           ;	FOSC = INTRC_NOCLKOUT, INTOSCIO oscillator: I/O function on RA6/OSC2/CLKOUT pin, I/O f
      +                          unction on RA7/OSC1/CLKIN
  1119                           ;	Watchdog Timer Enable bit
  1120                           ;	WDTE = OFF, WDT disabled and can be enabled by SWDTEN bit of the WDTCON register
  1121                           ;	Power-up Timer Enable bit
  1122                           ;	PWRTE = OFF, PWRT disabled
  1123                           ;	RE3/MCLR pin function select bit
  1124                           ;	MCLRE = OFF, RE3/MCLR pin function is digital input, MCLR internally tied to VDD
  1125                           ;	Code Protection bit
  1126                           ;	CP = OFF, Program memory code protection is disabled
  1127                           ;	Data Code Protection bit
  1128                           ;	CPD = OFF, Data memory code protection is disabled
  1129                           ;	Brown Out Reset Selection bits
  1130                           ;	BOREN = OFF, BOR disabled
  1131                           ;	Internal External Switchover bit
  1132                           ;	IESO = OFF, Internal/External Switchover mode is disabled
  1133                           ;	Fail-Safe Clock Monitor Enabled bit
  1134                           ;	FCMEN = OFF, Fail-Safe Clock Monitor is disabled
  1135                           ;	Low Voltage Programming Enable bit
  1136                           ;	LVP = OFF, RB3 pin has digital I/O, HV on MCLR must be used for programming
  1137                           ;	In-Circuit Debugger Mode bit
  1138                           ;	DEBUG = 0x1, unprogrammed default
  1139  2007                     	org	8199
  1140  2007  20D4               	dw	8404
  1141                           
  1142                           ;Config register CONFIG2 @ 0x2008
  1143                           ;	Brown-out Reset Selection bit
  1144                           ;	BOR4V = BOR40V, Brown-out Reset set to 4.0V
  1145                           ;	Flash Program Memory Self Write Enable bits
  1146                           ;	WRT = OFF, Write protection off
  1147  2008                     	org	8200
  1148  2008  3FFF               	dw	16383

Data Sizes:
    Strings     0
    Constant    0
    Data        0
    BSS         0
    Persistent  0
    Stack       0

Auto Spaces:
    Space          Size  Autos    Used
    COMMON           14     14      14
    BANK0            80     11      11
    BANK1            80      0       0
    BANK3            96      0       0
    BANK2            96      0       0

Pointer List with Targets:

    None.

Critical Paths under _main in COMMON

    _I2C_Master_Init->___lldiv

Critical Paths under _main in BANK0

    _main->_I2C_Master_Init

Critical Paths under _main in BANK1

    None.

Critical Paths under _main in BANK3

    None.

Critical Paths under _main in BANK2

    None.

Call Graph Tables:

 ---------------------------------------------------------------------------------
 (Depth) Function   	        Calls       Base Space   Used Autos Params    Refs
 ---------------------------------------------------------------------------------
 (0) _main                                                 3     3      0     783
                                              8 BANK0      3     3      0
                    _I2C_Master_Init
                    _I2C_Master_Read
                   _I2C_Master_Start
                    _I2C_Master_Stop
                   _I2C_Master_Write
 ---------------------------------------------------------------------------------
 (1) _I2C_Master_Write                                     2     0      2     250
                                              0 COMMON     2     0      2
                    _I2C_Master_Wait
 ---------------------------------------------------------------------------------
 (1) _I2C_Master_Stop                                      0     0      0       0
                    _I2C_Master_Wait
 ---------------------------------------------------------------------------------
 (1) _I2C_Master_Start                                     0     0      0       0
                    _I2C_Master_Wait
 ---------------------------------------------------------------------------------
 (1) _I2C_Master_Read                                      6     4      2     121
                                              0 COMMON     6     4      2
                    _I2C_Master_Wait
 ---------------------------------------------------------------------------------
 (2) _I2C_Master_Wait                                      0     0      0       0
 ---------------------------------------------------------------------------------
 (1) _I2C_Master_Init                                      8     4      4     412
                                              0 BANK0      8     4      4
                            ___lldiv
 ---------------------------------------------------------------------------------
 (2) ___lldiv                                             14     6      8     314
                                              0 COMMON    14     6      8
 ---------------------------------------------------------------------------------
 Estimated maximum stack depth 2
 ---------------------------------------------------------------------------------

 Call Graph Graphs:

 _main (ROOT)
   _I2C_Master_Init
     ___lldiv
   _I2C_Master_Read
     _I2C_Master_Wait
   _I2C_Master_Start
     _I2C_Master_Wait
   _I2C_Master_Stop
     _I2C_Master_Wait
   _I2C_Master_Write
     _I2C_Master_Wait

 Address spaces:
Name               Size   Autos  Total    Cost      Usage
BITCOMMON            E      0       0       0        0.0%
EEDATA             100      0       0       0        0.0%
NULL                 0      0       0       0        0.0%
CODE                 0      0       0       0        0.0%
COMMON               E      E       E       1      100.0%
BITSFR0              0      0       0       1        0.0%
SFR0                 0      0       0       1        0.0%
BITSFR1              0      0       0       2        0.0%
SFR1                 0      0       0       2        0.0%
STACK                0      0       0       2        0.0%
ABS                  0      0       0       3        0.0%
BITBANK0            50      0       0       4        0.0%
BITSFR3              0      0       0       4        0.0%
SFR3                 0      0       0       4        0.0%
BANK0               50      B       B       5       13.8%
BITSFR2              0      0       0       5        0.0%
SFR2                 0      0       0       5        0.0%
BITBANK1            50      0       0       6        0.0%
BANK1               50      0       0       7        0.0%
BITBANK3            60      0       0       8        0.0%
BANK3               60      0       0       9        0.0%
BITBANK2            60      0       0      10        0.0%
BANK2               60      0       0      11        0.0%
DATA                 0      0       0      12        0.0%


Microchip Technology PIC Macro Assembler V2.31 build 20201012212115 
Symbol Table                                                                                   Sat Mar 06 23:15:37 2021

                       u10 06B2                         u11 06B1                         u20 06B8  
                       u21 06B7                        l100 071D                        l103 06AC  
                      l121 06E5                        l106 06B8                        l115 06A1  
                      l109 0698                        l118 06AB                        l251 0783  
                      l721 06AC                        l723 06B2                        l901 071A  
                      l903 071B                        l911 06B9                        l905 071C  
                      l921 06E0                        l913 06BE                        l923 06E1  
                      l915 06C6                        l771 0690                        l907 06A2  
                      l931 0789                        l917 06CF                        l773 0695  
                      l909 06A7                        l941 07A8                        l933 078A  
                      l871 071E                        l919 06D4                        l775 0699  
                      l943 07B6                        l935 078D                        l927 0784  
                      l881 074B                        l873 072E                        l777 069E  
                      l945 07BB                        l937 079A                        l929 0787  
                      l883 075D                        l875 0731                        l891 077B  
                      l947 07E9                        l939 079F                        l885 076B  
                      l877 073E                        l887 076C                        l879 0742  
                      l895 06E6                        l889 0775                        l897 06EA  
                      l899 06ED                        u310 077B                        u311 077A  
                      u320 06FD                        u305 076D                        u250 072E  
                      u330 06DD                        u251 072D                        u331 06D9  
                      u325 06F8                        u270 0742                        u271 0741  
                      u344 06E0                        _PEN 048A                        u265 0733  
                      u290 075D                        u291 075C                        u285 0744  
                      u357 07C3                        u295 0759                        u367 07F1  
                      _SEN 0488                       _BRGH 04C2                       _CREN 00C4  
                     _RCEN 048B                       _RCIF 0065                       _SPEN 00C7  
                     _RSEN 0489                       _TRMT 04C1                       _TXEN 04C5  
                     _SYNC 04C4                       _main 0784                       btemp 007E  
                     start 0000           ?_I2C_Master_Init 0020           ?_I2C_Master_Read 0070  
         ?_I2C_Master_Wait 0070           ?_I2C_Master_Stop 0070                      ?_main 0070  
                    _ACKEN 048C                      _ACKDT 048D            __end_of___lldiv 0784  
                    _RCREG 001A                      _SPBRG 0099                      _PORTB 0006  
                    _PORTD 0008                      _TRISB 0086                      _TRISD 0088  
                    _TXREG 0019                      _nRBPU 040F                      status 0003  
                    wtemp0 007E            __initialization 07FC               __end_of_main 07FC  
                   ??_main 0028          ?_I2C_Master_Start 0070          ?_I2C_Master_Write 0070  
       ??_I2C_Master_Start 0070         ??_I2C_Master_Write 0072                     _SSPADD 0093  
                   _TRISC3 043B                     _TRISC4 043C                     _TRISC6 043E  
                   _TRISC7 043F                     _SSPCON 0014                     _SSPBUF 0013  
                ??___lldiv 0078    __end_of__initialization 07FC             __pcstackCOMMON 0070  
               __pmaintext 0784                    _SSPCON2 0091                    _SSPSTAT 0094  
                  ___lldiv 071E                    __ptext1 06A2                    __ptext2 0699  
                  __ptext3 0690                    __ptext4 06B9                    __ptext5 06AC  
                  __ptext6 06E6                    __ptext7 071E   __size_of_I2C_Master_Init 0038  
 __size_of_I2C_Master_Read 002D   __size_of_I2C_Master_Wait 000D   __size_of_I2C_Master_Stop 0009  
     end_of_initialization 07FC  __size_of_I2C_Master_Start 0009  __size_of_I2C_Master_Write 000A  
          ___lldiv@divisor 0070            ___lldiv@counter 007D           I2C_Master_Init@c 0020  
         I2C_Master_Read@a 0070        start_initialization 07FC          ??_I2C_Master_Init 0024  
        ??_I2C_Master_Read 0072          ??_I2C_Master_Wait 0070          ??_I2C_Master_Stop 0070  
                ___latbits 0002              __pcstackBANK0 0020           _I2C_Master_Start 0690  
         _I2C_Master_Write 06A2                   ?___lldiv 0070        I2C_Master_Read@temp 0074  
         __size_of___lldiv 0066            _I2C_Master_Init 06E6            _I2C_Master_Read 06B9  
          _I2C_Master_Wait 06AC            _I2C_Master_Stop 0699              __size_of_main 0078  
 __end_of_I2C_Master_Start 0699   __end_of_I2C_Master_Write 06AC           ___lldiv@dividend 0074  
  __end_of_I2C_Master_Init 071E    __end_of_I2C_Master_Read 06E6    __end_of_I2C_Master_Wait 06B9  
  __end_of_I2C_Master_Stop 06A2           ___lldiv@quotient 0079          I2C_Master_Write@d 0070  
